<?xml version="1.0" encoding="UTF-8"?>
<!-- Generated by org.testng.reporters.JUnitReportReporter -->
<testsuite skipped="0" hostname="dell" name="qaclickacademy.AppiumTest" tests="2" failures="0" timestamp="2020-08-08T00:38:54 IST" time="0.009" errors="0">
  <testcase name="IOApps" time="0.008" classname="qaclickacademy.AppiumTest"/>
  <system-out/>
  <testcase name="NativeAppAndroid" time="0.001" classname="qaclickacademy.AppiumTest"/>
  <system-out/>
</testsuite> <!-- qaclickacademy.AppiumTest -->
